# JRE version: Java(TM) SE Runtime Environment (7.0_51-b13) (build 1.7.0_51-b13)
# Java VM: Java HotSpot(TM) 64-Bit Server VM (24.51-b03 mixed mode windows-amd64 compressed oops)
Heap
 PSYoungGen      total 129024K, used 32556K [0x00000000d9800000, 0x00000000e9f00000, 0x0000000100000000)
  eden space 120832K, 20% used [0x00000000d9800000,0x00000000dafcf560,0x00000000e0e00000)
  from space 8192K, 99% used [0x00000000e0e00000,0x00000000e15fbe10,0x00000000e1600000)
  to   space 13824K, 0% used [0x00000000e9180000,0x00000000e9180000,0x00000000e9f00000)
 ParOldGen       total 78848K, used 14806K [0x000000008c800000, 0x0000000091500000, 0x00000000d9800000)
  object space 78848K, 18% used [0x000000008c800000,0x000000008d675990,0x0000000091500000)
 PSPermGen       total 22528K, used 22519K [0x0000000087600000, 0x0000000088c00000, 0x000000008c800000)
  object space 22528K, 99% used [0x0000000087600000,0x0000000088bfdf30,0x0000000088c00000)
GC Heap History (10 events):
Event: 6.021 GC heap before
{Heap before GC invocations=3 (full 0):
 PSYoungGen      total 34816K, used 34764K [0x00000000d9800000, 0x00000000ddc00000, 0x0000000100000000)
  eden space 30208K, 99% used [0x00000000d9800000,0x00000000db578ae0,0x00000000db580000)
  from space 4608K, 99% used [0x00000000dba00000,0x00000000dbe7a880,0x00000000dbe80000)
  to   space 4608K, 0% used [0x00000000db580000,0x00000000db580000,0x00000000dba00000)
 ParOldGen       total 78848K, used 3708K [0x000000008c800000, 0x0000000091500000, 0x00000000d9800000)
  object space 78848K, 4% used [0x000000008c800000,0x000000008cb9f3f8,0x0000000091500000)
 PSPermGen       total 21504K, used 18282K [0x0000000087600000, 0x0000000088b00000, 0x000000008c800000)
  object space 21504K, 85% used [0x0000000087600000,0x00000000887dab28,0x0000000088b00000)
Event: 6.035 GC heap after
Heap after GC invocations=3 (full 0):
 PSYoungGen      total 34816K, used 4601K [0x00000000d9800000, 0x00000000ddc00000, 0x0000000100000000)
  eden space 30208K, 0% used [0x00000000d9800000,0x00000000d9800000,0x00000000db580000)
  from space 4608K, 99% used [0x00000000db580000,0x00000000db9fe600,0x00000000dba00000)
  to   space 4608K, 0% used [0x00000000dd780000,0x00000000dd780000,0x00000000ddc00000)
 ParOldGen       total 78848K, used 3780K [0x000000008c800000, 0x0000000091500000, 0x00000000d9800000)
  object space 78848K, 4% used [0x000000008c800000,0x000000008cbb13f8,0x0000000091500000)
 PSPermGen       total 21504K, used 18282K [0x0000000087600000, 0x0000000088b00000, 0x000000008c800000)
  object space 21504K, 85% used [0x0000000087600000,0x00000000887dab28,0x0000000088b00000)
}
Event: 6.060 GC heap before
{Heap before GC invocations=4 (full 0):
 PSYoungGen      total 34816K, used 34732K [0x00000000d9800000, 0x00000000ddc00000, 0x0000000100000000)
  eden space 30208K, 99% used [0x00000000d9800000,0x00000000db56ccc8,0x00000000db580000)
  from space 4608K, 99% used [0x00000000db580000,0x00000000db9fe600,0x00000000dba00000)
  to   space 4608K, 0% used [0x00000000dd780000,0x00000000dd780000,0x00000000ddc00000)
 ParOldGen       total 78848K, used 3780K [0x000000008c800000, 0x0000000091500000, 0x00000000d9800000)
  object space 78848K, 4% used [0x000000008c800000,0x000000008cbb13f8,0x0000000091500000)
 PSPermGen       total 21504K, used 18282K [0x0000000087600000, 0x0000000088b00000, 0x000000008c800000)
  object space 21504K, 85% used [0x0000000087600000,0x00000000887dab28,0x0000000088b00000)
Event: 6.075 GC heap after
Heap after GC invocations=4 (full 0):
 PSYoungGen      total 65024K, used 4576K [0x00000000d9800000, 0x00000000ddc00000, 0x0000000100000000)
  eden space 60416K, 0% used [0x00000000d9800000,0x00000000d9800000,0x00000000dd300000)
  from space 4608K, 99% used [0x00000000dd780000,0x00000000ddbf8038,0x00000000ddc00000)
  to   space 4608K, 0% used [0x00000000dd300000,0x00000000dd300000,0x00000000dd780000)
 ParOldGen       total 78848K, used 3820K [0x000000008c800000, 0x0000000091500000, 0x00000000d9800000)
  object space 78848K, 4% used [0x000000008c800000,0x000000008cbbb3f8,0x0000000091500000)
 PSPermGen       total 21504K, used 18282K [0x0000000087600000, 0x0000000088b00000, 0x000000008c800000)
  object space 21504K, 85% used [0x0000000087600000,0x00000000887dab28,0x0000000088b00000)
}
Event: 6.133 GC heap before
{Heap before GC invocations=5 (full 0):
 PSYoungGen      total 65024K, used 64946K [0x00000000d9800000, 0x00000000ddc00000, 0x0000000100000000)
  eden space 60416K, 99% used [0x00000000d9800000,0x00000000dd2f4aa8,0x00000000dd300000)
  from space 4608K, 99% used [0x00000000dd780000,0x00000000ddbf8038,0x00000000ddc00000)
  to   space 4608K, 0% used [0x00000000dd300000,0x00000000dd300000,0x00000000dd780000)
 ParOldGen       total 78848K, used 3820K [0x000000008c800000, 0x0000000091500000, 0x00000000d9800000)
  object space 78848K, 4% used [0x000000008c800000,0x000000008cbbb3f8,0x0000000091500000)
 PSPermGen       total 21504K, used 18282K [0x0000000087600000, 0x0000000088b00000, 0x000000008c800000)
  object space 21504K, 85% used [0x0000000087600000,0x00000000887dab28,0x0000000088b00000)
Event: 6.150 GC heap after
Heap after GC invocations=5 (full 0):
 PSYoungGen      total 65024K, used 4607K [0x00000000d9800000, 0x00000000e1e00000, 0x0000000100000000)
  eden space 60416K, 0% used [0x00000000d9800000,0x00000000d9800000,0x00000000dd300000)
  from space 4608K, 99% used [0x00000000dd300000,0x00000000dd77fd48,0x00000000dd780000)
  to   space 8192K, 0% used [0x00000000e1600000,0x00000000e1600000,0x00000000e1e00000)
 ParOldGen       total 78848K, used 3852K [0x000000008c800000, 0x0000000091500000, 0x00000000d9800000)
  object space 78848K, 4% used [0x000000008c800000,0x000000008cbc33f8,0x0000000091500000)
 PSPermGen       total 21504K, used 18282K [0x0000000087600000, 0x0000000088b00000, 0x000000008c800000)
  object space 21504K, 85% used [0x0000000087600000,0x00000000887dab28,0x0000000088b00000)
}
Event: 6.197 GC heap before
{Heap before GC invocations=6 (full 0):
 PSYoungGen      total 65024K, used 64962K [0x00000000d9800000, 0x00000000e1e00000, 0x0000000100000000)
  eden space 60416K, 99% used [0x00000000d9800000,0x00000000dd2f0ba8,0x00000000dd300000)
  from space 4608K, 99% used [0x00000000dd300000,0x00000000dd77fd48,0x00000000dd780000)
  to   space 8192K, 0% used [0x00000000e1600000,0x00000000e1600000,0x00000000e1e00000)
 ParOldGen       total 78848K, used 3852K [0x000000008c800000, 0x0000000091500000, 0x00000000d9800000)
  object space 78848K, 4% used [0x000000008c800000,0x000000008cbc33f8,0x0000000091500000)
 PSPermGen       total 21504K, used 18282K [0x0000000087600000, 0x0000000088b00000, 0x000000008c800000)
  object space 21504K, 85% used [0x0000000087600000,0x00000000887dab28,0x0000000088b00000)
Event: 6.215 GC heap after
Heap after GC invocations=6 (full 0):
 PSYoungGen      total 129024K, used 4670K [0x00000000d9800000, 0x00000000e1e00000, 0x0000000100000000)
  eden space 120832K, 0% used [0x00000000d9800000,0x00000000d9800000,0x00000000e0e00000)
  from space 8192K, 57% used [0x00000000e1600000,0x00000000e1a8f968,0x00000000e1e00000)
  to   space 8192K, 0% used [0x00000000e0e00000,0x00000000e0e00000,0x00000000e1600000)
 ParOldGen       total 78848K, used 3852K [0x000000008c800000, 0x0000000091500000, 0x00000000d9800000)
  object space 78848K, 4% used [0x000000008c800000,0x000000008cbc33f8,0x0000000091500000)
 PSPermGen       total 21504K, used 18282K [0x0000000087600000, 0x0000000088b00000, 0x000000008c800000)
  object space 21504K, 85% used [0x0000000087600000,0x00000000887dab28,0x0000000088b00000)
}
Event: 8.532 GC heap before
{Heap before GC invocations=7 (full 0):
 PSYoungGen      total 129024K, used 124192K [0x00000000d9800000, 0x00000000e1e00000, 0x0000000100000000)
  eden space 120832K, 98% used [0x00000000d9800000,0x00000000e0cb8820,0x00000000e0e00000)
  from space 8192K, 57% used [0x00000000e1600000,0x00000000e1a8f968,0x00000000e1e00000)
  to   space 8192K, 0% used [0x00000000e0e00000,0x00000000e0e00000,0x00000000e1600000)
 ParOldGen       total 78848K, used 5259K [0x000000008c800000, 0x0000000091500000, 0x00000000d9800000)
  object space 78848K, 6% used [0x000000008c800000,0x000000008cd22f60,0x0000000091500000)
 PSPermGen       total 22528K, used 22100K [0x0000000087600000, 0x0000000088c00000, 0x000000008c800000)
  object space 22528K, 98% used [0x0000000087600000,0x0000000088b95170,0x0000000088c00000)
Event: 8.567 GC heap after
Heap after GC invocations=7 (full 0):
 PSYoungGen      total 129024K, used 8175K [0x00000000d9800000, 0x00000000e9f00000, 0x0000000100000000)
  eden space 120832K, 0% used [0x00000000d9800000,0x00000000d9800000,0x00000000e0e00000)
  from space 8192K, 99% used [0x00000000e0e00000,0x00000000e15fbe10,0x00000000e1600000)
  to   space 13824K, 0% used [0x00000000e9180000,0x00000000e9180000,0x00000000e9f00000)
 ParOldGen       total 78848K, used 14806K [0x000000008c800000, 0x0000000091500000, 0x00000000d9800000)
  object space 78848K, 18% used [0x000000008c800000,0x000000008d675990,0x0000000091500000)
 PSPermGen       total 22528K, used 22100K [0x0000000087600000, 0x0000000088c00000, 0x000000008c800000)
  object space 22528K, 98% used [0x0000000087600000,0x0000000088b95170,0x0000000088c00000)
}

