# JRE version: Java(TM) SE Runtime Environment (7.0_51-b13) (build 1.7.0_51-b13)
# Java VM: Java HotSpot(TM) 64-Bit Server VM (24.51-b03 mixed mode windows-amd64 compressed oops)
Heap
 PSYoungGen      total 129024K, used 42643K [0x00000000d9800000, 0x00000000ea000000, 0x0000000100000000)
  eden space 120832K, 28% used [0x00000000d9800000,0x00000000db9a9608,0x00000000e0e00000)
  from space 8192K, 99% used [0x00000000e0e00000,0x00000000e15fb6b0,0x00000000e1600000)
  to   space 14336K, 0% used [0x00000000e9200000,0x00000000e9200000,0x00000000ea000000)
 ParOldGen       total 78848K, used 15334K [0x000000008c800000, 0x0000000091500000, 0x00000000d9800000)
  object space 78848K, 19% used [0x000000008c800000,0x000000008d6f99a0,0x0000000091500000)
 PSPermGen       total 23040K, used 22886K [0x0000000087600000, 0x0000000088c80000, 0x000000008c800000)
  object space 23040K, 99% used [0x0000000087600000,0x0000000088c59b48,0x0000000088c80000)
GC Heap History (10 events):
Event: 8.315 GC heap before
{Heap before GC invocations=3 (full 0):
 PSYoungGen      total 34816K, used 34766K [0x00000000d9800000, 0x00000000dbe80000, 0x0000000100000000)
  eden space 30208K, 99% used [0x00000000d9800000,0x00000000db579db0,0x00000000db580000)
  from space 4608K, 99% used [0x00000000dba00000,0x00000000dbe79c90,0x00000000dbe80000)
  to   space 4608K, 0% used [0x00000000db580000,0x00000000db580000,0x00000000dba00000)
 ParOldGen       total 78848K, used 3814K [0x000000008c800000, 0x0000000091500000, 0x00000000d9800000)
  object space 78848K, 4% used [0x000000008c800000,0x000000008cbb9ad0,0x0000000091500000)
 PSPermGen       total 21504K, used 19351K [0x0000000087600000, 0x0000000088b00000, 0x000000008c800000)
  object space 21504K, 89% used [0x0000000087600000,0x00000000888e5f58,0x0000000088b00000)
Event: 8.330 GC heap after
Heap after GC invocations=3 (full 0):
 PSYoungGen      total 34816K, used 4583K [0x00000000d9800000, 0x00000000ddc00000, 0x0000000100000000)
  eden space 30208K, 0% used [0x00000000d9800000,0x00000000d9800000,0x00000000db580000)
  from space 4608K, 99% used [0x00000000db580000,0x00000000db9f9f58,0x00000000dba00000)
  to   space 4608K, 0% used [0x00000000dd780000,0x00000000dd780000,0x00000000ddc00000)
 ParOldGen       total 78848K, used 3846K [0x000000008c800000, 0x0000000091500000, 0x00000000d9800000)
  object space 78848K, 4% used [0x000000008c800000,0x000000008cbc1ad0,0x0000000091500000)
 PSPermGen       total 21504K, used 19351K [0x0000000087600000, 0x0000000088b00000, 0x000000008c800000)
  object space 21504K, 89% used [0x0000000087600000,0x00000000888e5f58,0x0000000088b00000)
}
Event: 8.358 GC heap before
{Heap before GC invocations=4 (full 0):
 PSYoungGen      total 34816K, used 34736K [0x00000000d9800000, 0x00000000ddc00000, 0x0000000100000000)
  eden space 30208K, 99% used [0x00000000d9800000,0x00000000db5723f0,0x00000000db580000)
  from space 4608K, 99% used [0x00000000db580000,0x00000000db9f9f58,0x00000000dba00000)
  to   space 4608K, 0% used [0x00000000dd780000,0x00000000dd780000,0x00000000ddc00000)
 ParOldGen       total 78848K, used 3846K [0x000000008c800000, 0x0000000091500000, 0x00000000d9800000)
  object space 78848K, 4% used [0x000000008c800000,0x000000008cbc1ad0,0x0000000091500000)
 PSPermGen       total 21504K, used 19351K [0x0000000087600000, 0x0000000088b00000, 0x000000008c800000)
  object space 21504K, 89% used [0x0000000087600000,0x00000000888e5f58,0x0000000088b00000)
Event: 8.375 GC heap after
Heap after GC invocations=4 (full 0):
 PSYoungGen      total 65024K, used 4603K [0x00000000d9800000, 0x00000000ddc00000, 0x0000000100000000)
  eden space 60416K, 0% used [0x00000000d9800000,0x00000000d9800000,0x00000000dd300000)
  from space 4608K, 99% used [0x00000000dd780000,0x00000000ddbfed28,0x00000000ddc00000)
  to   space 4608K, 0% used [0x00000000dd300000,0x00000000dd300000,0x00000000dd780000)
 ParOldGen       total 78848K, used 3878K [0x000000008c800000, 0x0000000091500000, 0x00000000d9800000)
  object space 78848K, 4% used [0x000000008c800000,0x000000008cbc9ad0,0x0000000091500000)
 PSPermGen       total 21504K, used 19351K [0x0000000087600000, 0x0000000088b00000, 0x000000008c800000)
  object space 21504K, 89% used [0x0000000087600000,0x00000000888e5f58,0x0000000088b00000)
}
Event: 8.440 GC heap before
{Heap before GC invocations=5 (full 0):
 PSYoungGen      total 65024K, used 64926K [0x00000000d9800000, 0x00000000ddc00000, 0x0000000100000000)
  eden space 60416K, 99% used [0x00000000d9800000,0x00000000dd2e8ca8,0x00000000dd300000)
  from space 4608K, 99% used [0x00000000dd780000,0x00000000ddbfed28,0x00000000ddc00000)
  to   space 4608K, 0% used [0x00000000dd300000,0x00000000dd300000,0x00000000dd780000)
 ParOldGen       total 78848K, used 3878K [0x000000008c800000, 0x0000000091500000, 0x00000000d9800000)
  object space 78848K, 4% used [0x000000008c800000,0x000000008cbc9ad0,0x0000000091500000)
 PSPermGen       total 21504K, used 19351K [0x0000000087600000, 0x0000000088b00000, 0x000000008c800000)
  object space 21504K, 89% used [0x0000000087600000,0x00000000888e5f58,0x0000000088b00000)
Event: 8.459 GC heap after
Heap after GC invocations=5 (full 0):
 PSYoungGen      total 65024K, used 4606K [0x00000000d9800000, 0x00000000e1e00000, 0x0000000100000000)
  eden space 60416K, 0% used [0x00000000d9800000,0x00000000d9800000,0x00000000dd300000)
  from space 4608K, 99% used [0x00000000dd300000,0x00000000dd77f8c8,0x00000000dd780000)
  to   space 8192K, 0% used [0x00000000e1600000,0x00000000e1600000,0x00000000e1e00000)
 ParOldGen       total 78848K, used 3918K [0x000000008c800000, 0x0000000091500000, 0x00000000d9800000)
  object space 78848K, 4% used [0x000000008c800000,0x000000008cbd3ad0,0x0000000091500000)
 PSPermGen       total 21504K, used 19351K [0x0000000087600000, 0x0000000088b00000, 0x000000008c800000)
  object space 21504K, 89% used [0x0000000087600000,0x00000000888e5f58,0x0000000088b00000)
}
Event: 8.517 GC heap before
{Heap before GC invocations=6 (full 0):
 PSYoungGen      total 65024K, used 65009K [0x00000000d9800000, 0x00000000e1e00000, 0x0000000100000000)
  eden space 60416K, 99% used [0x00000000d9800000,0x00000000dd2fcc58,0x00000000dd300000)
  from space 4608K, 99% used [0x00000000dd300000,0x00000000dd77f8c8,0x00000000dd780000)
  to   space 8192K, 0% used [0x00000000e1600000,0x00000000e1600000,0x00000000e1e00000)
 ParOldGen       total 78848K, used 3918K [0x000000008c800000, 0x0000000091500000, 0x00000000d9800000)
  object space 78848K, 4% used [0x000000008c800000,0x000000008cbd3ad0,0x0000000091500000)
 PSPermGen       total 21504K, used 19351K [0x0000000087600000, 0x0000000088b00000, 0x000000008c800000)
  object space 21504K, 89% used [0x0000000087600000,0x00000000888e5f58,0x0000000088b00000)
Event: 8.539 GC heap after
Heap after GC invocations=6 (full 0):
 PSYoungGen      total 129024K, used 4633K [0x00000000d9800000, 0x00000000e1e00000, 0x0000000100000000)
  eden space 120832K, 0% used [0x00000000d9800000,0x00000000d9800000,0x00000000e0e00000)
  from space 8192K, 56% used [0x00000000e1600000,0x00000000e1a867e0,0x00000000e1e00000)
  to   space 8192K, 0% used [0x00000000e0e00000,0x00000000e0e00000,0x00000000e1600000)
 ParOldGen       total 78848K, used 3918K [0x000000008c800000, 0x0000000091500000, 0x00000000d9800000)
  object space 78848K, 4% used [0x000000008c800000,0x000000008cbd3ad0,0x0000000091500000)
 PSPermGen       total 21504K, used 19351K [0x0000000087600000, 0x0000000088b00000, 0x000000008c800000)
  object space 21504K, 89% used [0x0000000087600000,0x00000000888e5f58,0x0000000088b00000)
}
Event: 10.834 GC heap before
{Heap before GC invocations=7 (full 0):
 PSYoungGen      total 129024K, used 124570K [0x00000000d9800000, 0x00000000e1e00000, 0x0000000100000000)
  eden space 120832K, 99% used [0x00000000d9800000,0x00000000e0d20328,0x00000000e0e00000)
  from space 8192K, 56% used [0x00000000e1600000,0x00000000e1a867e0,0x00000000e1e00000)
  to   space 8192K, 0% used [0x00000000e0e00000,0x00000000e0e00000,0x00000000e1600000)
 ParOldGen       total 78848K, used 5325K [0x000000008c800000, 0x0000000091500000, 0x00000000d9800000)
  object space 78848K, 6% used [0x000000008c800000,0x000000008cd33638,0x0000000091500000)
 PSPermGen       total 22528K, used 22421K [0x0000000087600000, 0x0000000088c00000, 0x000000008c800000)
  object space 22528K, 99% used [0x0000000087600000,0x0000000088be5460,0x0000000088c00000)
Event: 10.876 GC heap after
Heap after GC invocations=7 (full 0):
 PSYoungGen      total 129024K, used 8173K [0x00000000d9800000, 0x00000000ea000000, 0x0000000100000000)
  eden space 120832K, 0% used [0x00000000d9800000,0x00000000d9800000,0x00000000e0e00000)
  from space 8192K, 99% used [0x00000000e0e00000,0x00000000e15fb6b0,0x00000000e1600000)
  to   space 14336K, 0% used [0x00000000e9200000,0x00000000e9200000,0x00000000ea000000)
 ParOldGen       total 78848K, used 15334K [0x000000008c800000, 0x0000000091500000, 0x00000000d9800000)
  object space 78848K, 19% used [0x000000008c800000,0x000000008d6f99a0,0x0000000091500000)
 PSPermGen       total 22528K, used 22421K [0x0000000087600000, 0x0000000088c00000, 0x000000008c800000)
  object space 22528K, 99% used [0x0000000087600000,0x0000000088be5460,0x0000000088c00000)
}

