# JRE version: Java(TM) SE Runtime Environment (7.0_51-b13) (build 1.7.0_51-b13)
# Java VM: Java HotSpot(TM) 64-Bit Server VM (24.51-b03 mixed mode windows-amd64 compressed oops)
Heap
 PSYoungGen      total 129024K, used 77611K [0x00000000d9800000, 0x00000000e9b00000, 0x0000000100000000)
  eden space 120832K, 57% used [0x00000000d9800000,0x00000000ddbcf3b8,0x00000000e0e00000)
  from space 8192K, 99% used [0x00000000e0e00000,0x00000000e15fbb80,0x00000000e1600000)
  to   space 11776K, 0% used [0x00000000e8f80000,0x00000000e8f80000,0x00000000e9b00000)
 ParOldGen       total 78848K, used 9972K [0x000000008c800000, 0x0000000091500000, 0x00000000d9800000)
  object space 78848K, 12% used [0x000000008c800000,0x000000008d1bd038,0x0000000091500000)
 PSPermGen       total 23040K, used 22579K [0x0000000087600000, 0x0000000088c80000, 0x000000008c800000)
  object space 23040K, 97% used [0x0000000087600000,0x0000000088c0cc10,0x0000000088c80000)
GC Heap History (10 events):
Event: 4.790 GC heap before
{Heap before GC invocations=3 (full 0):
 PSYoungGen      total 34816K, used 34746K [0x00000000d9800000, 0x00000000ddc00000, 0x0000000100000000)
  eden space 30208K, 99% used [0x00000000d9800000,0x00000000db574930,0x00000000db580000)
  from space 4608K, 99% used [0x00000000dba00000,0x00000000dbe7a250,0x00000000dbe80000)
  to   space 4608K, 0% used [0x00000000db580000,0x00000000db580000,0x00000000dba00000)
 ParOldGen       total 78848K, used 3963K [0x000000008c800000, 0x0000000091500000, 0x00000000d9800000)
  object space 78848K, 5% used [0x000000008c800000,0x000000008cbdec18,0x0000000091500000)
 PSPermGen       total 21504K, used 19094K [0x0000000087600000, 0x0000000088b00000, 0x000000008c800000)
  object space 21504K, 88% used [0x0000000087600000,0x00000000888a59b8,0x0000000088b00000)
Event: 4.801 GC heap after
Heap after GC invocations=3 (full 0):
 PSYoungGen      total 34816K, used 4581K [0x00000000d9800000, 0x00000000ddc00000, 0x0000000100000000)
  eden space 30208K, 0% used [0x00000000d9800000,0x00000000d9800000,0x00000000db580000)
  from space 4608K, 99% used [0x00000000db580000,0x00000000db9f9630,0x00000000dba00000)
  to   space 4608K, 0% used [0x00000000dd780000,0x00000000dd780000,0x00000000ddc00000)
 ParOldGen       total 78848K, used 4011K [0x000000008c800000, 0x0000000091500000, 0x00000000d9800000)
  object space 78848K, 5% used [0x000000008c800000,0x000000008cbeac18,0x0000000091500000)
 PSPermGen       total 21504K, used 19094K [0x0000000087600000, 0x0000000088b00000, 0x000000008c800000)
  object space 21504K, 88% used [0x0000000087600000,0x00000000888a59b8,0x0000000088b00000)
}
Event: 4.817 GC heap before
{Heap before GC invocations=4 (full 0):
 PSYoungGen      total 34816K, used 34717K [0x00000000d9800000, 0x00000000ddc00000, 0x0000000100000000)
  eden space 30208K, 99% used [0x00000000d9800000,0x00000000db56df78,0x00000000db580000)
  from space 4608K, 99% used [0x00000000db580000,0x00000000db9f9630,0x00000000dba00000)
  to   space 4608K, 0% used [0x00000000dd780000,0x00000000dd780000,0x00000000ddc00000)
 ParOldGen       total 78848K, used 4011K [0x000000008c800000, 0x0000000091500000, 0x00000000d9800000)
  object space 78848K, 5% used [0x000000008c800000,0x000000008cbeac18,0x0000000091500000)
 PSPermGen       total 21504K, used 19094K [0x0000000087600000, 0x0000000088b00000, 0x000000008c800000)
  object space 21504K, 88% used [0x0000000087600000,0x00000000888a59b8,0x0000000088b00000)
Event: 4.828 GC heap after
Heap after GC invocations=4 (full 0):
 PSYoungGen      total 65024K, used 4588K [0x00000000d9800000, 0x00000000ddc00000, 0x0000000100000000)
  eden space 60416K, 0% used [0x00000000d9800000,0x00000000d9800000,0x00000000dd300000)
  from space 4608K, 99% used [0x00000000dd780000,0x00000000ddbfb0d8,0x00000000ddc00000)
  to   space 4608K, 0% used [0x00000000dd300000,0x00000000dd300000,0x00000000dd780000)
 ParOldGen       total 78848K, used 4067K [0x000000008c800000, 0x0000000091500000, 0x00000000d9800000)
  object space 78848K, 5% used [0x000000008c800000,0x000000008cbf8c18,0x0000000091500000)
 PSPermGen       total 21504K, used 19094K [0x0000000087600000, 0x0000000088b00000, 0x000000008c800000)
  object space 21504K, 88% used [0x0000000087600000,0x00000000888a59b8,0x0000000088b00000)
}
Event: 4.866 GC heap before
{Heap before GC invocations=5 (full 0):
 PSYoungGen      total 65024K, used 64993K [0x00000000d9800000, 0x00000000ddc00000, 0x0000000100000000)
  eden space 60416K, 99% used [0x00000000d9800000,0x00000000dd2fd478,0x00000000dd300000)
  from space 4608K, 99% used [0x00000000dd780000,0x00000000ddbfb0d8,0x00000000ddc00000)
  to   space 4608K, 0% used [0x00000000dd300000,0x00000000dd300000,0x00000000dd780000)
 ParOldGen       total 78848K, used 4067K [0x000000008c800000, 0x0000000091500000, 0x00000000d9800000)
  object space 78848K, 5% used [0x000000008c800000,0x000000008cbf8c18,0x0000000091500000)
 PSPermGen       total 21504K, used 19094K [0x0000000087600000, 0x0000000088b00000, 0x000000008c800000)
  object space 21504K, 88% used [0x0000000087600000,0x00000000888a59b8,0x0000000088b00000)
Event: 4.876 GC heap after
Heap after GC invocations=5 (full 0):
 PSYoungGen      total 65024K, used 4607K [0x00000000d9800000, 0x00000000e1f00000, 0x0000000100000000)
  eden space 60416K, 0% used [0x00000000d9800000,0x00000000d9800000,0x00000000dd300000)
  from space 4608K, 99% used [0x00000000dd300000,0x00000000dd77fc40,0x00000000dd780000)
  to   space 8704K, 0% used [0x00000000e1680000,0x00000000e1680000,0x00000000e1f00000)
 ParOldGen       total 78848K, used 4083K [0x000000008c800000, 0x0000000091500000, 0x00000000d9800000)
  object space 78848K, 5% used [0x000000008c800000,0x000000008cbfcc18,0x0000000091500000)
 PSPermGen       total 21504K, used 19094K [0x0000000087600000, 0x0000000088b00000, 0x000000008c800000)
  object space 21504K, 88% used [0x0000000087600000,0x00000000888a59b8,0x0000000088b00000)
}
Event: 4.906 GC heap before
{Heap before GC invocations=6 (full 0):
 PSYoungGen      total 65024K, used 64989K [0x00000000d9800000, 0x00000000e1f00000, 0x0000000100000000)
  eden space 60416K, 99% used [0x00000000d9800000,0x00000000dd2f7b58,0x00000000dd300000)
  from space 4608K, 99% used [0x00000000dd300000,0x00000000dd77fc40,0x00000000dd780000)
  to   space 8704K, 0% used [0x00000000e1680000,0x00000000e1680000,0x00000000e1f00000)
 ParOldGen       total 78848K, used 4083K [0x000000008c800000, 0x0000000091500000, 0x00000000d9800000)
  object space 78848K, 5% used [0x000000008c800000,0x000000008cbfcc18,0x0000000091500000)
 PSPermGen       total 21504K, used 19094K [0x0000000087600000, 0x0000000088b00000, 0x000000008c800000)
  object space 21504K, 88% used [0x0000000087600000,0x00000000888a59b8,0x0000000088b00000)
Event: 4.916 GC heap after
Heap after GC invocations=6 (full 0):
 PSYoungGen      total 128512K, used 4686K [0x00000000d9800000, 0x00000000e1e00000, 0x0000000100000000)
  eden space 120832K, 0% used [0x00000000d9800000,0x00000000d9800000,0x00000000e0e00000)
  from space 7680K, 61% used [0x00000000e1680000,0x00000000e1b13878,0x00000000e1e00000)
  to   space 8192K, 0% used [0x00000000e0e00000,0x00000000e0e00000,0x00000000e1600000)
 ParOldGen       total 78848K, used 4083K [0x000000008c800000, 0x0000000091500000, 0x00000000d9800000)
  object space 78848K, 5% used [0x000000008c800000,0x000000008cbfcc18,0x0000000091500000)
 PSPermGen       total 21504K, used 19094K [0x0000000087600000, 0x0000000088b00000, 0x000000008c800000)
  object space 21504K, 88% used [0x0000000087600000,0x00000000888a59b8,0x0000000088b00000)
}
Event: 6.019 GC heap before
{Heap before GC invocations=7 (full 0):
 PSYoungGen      total 128512K, used 124775K [0x00000000d9800000, 0x00000000e1e00000, 0x0000000100000000)
  eden space 120832K, 99% used [0x00000000d9800000,0x00000000e0d465c0,0x00000000e0e00000)
  from space 7680K, 61% used [0x00000000e1680000,0x00000000e1b13878,0x00000000e1e00000)
  to   space 8192K, 0% used [0x00000000e0e00000,0x00000000e0e00000,0x00000000e1600000)
 ParOldGen       total 78848K, used 5489K [0x000000008c800000, 0x0000000091500000, 0x00000000d9800000)
  object space 78848K, 6% used [0x000000008c800000,0x000000008cd5c780,0x0000000091500000)
 PSPermGen       total 21504K, used 21497K [0x0000000087600000, 0x0000000088b00000, 0x000000008c800000)
  object space 21504K, 99% used [0x0000000087600000,0x0000000088afe400,0x0000000088b00000)
Event: 6.041 GC heap after
Heap after GC invocations=7 (full 0):
 PSYoungGen      total 129024K, used 8174K [0x00000000d9800000, 0x00000000e9b00000, 0x0000000100000000)
  eden space 120832K, 0% used [0x00000000d9800000,0x00000000d9800000,0x00000000e0e00000)
  from space 8192K, 99% used [0x00000000e0e00000,0x00000000e15fbb80,0x00000000e1600000)
  to   space 11776K, 0% used [0x00000000e8f80000,0x00000000e8f80000,0x00000000e9b00000)
 ParOldGen       total 78848K, used 9972K [0x000000008c800000, 0x0000000091500000, 0x00000000d9800000)
  object space 78848K, 12% used [0x000000008c800000,0x000000008d1bd038,0x0000000091500000)
 PSPermGen       total 21504K, used 21497K [0x0000000087600000, 0x0000000088b00000, 0x000000008c800000)
  object space 21504K, 99% used [0x0000000087600000,0x0000000088afe400,0x0000000088b00000)
}

