# JRE version: Java(TM) SE Runtime Environment (7.0_51-b13) (build 1.7.0_51-b13)
# Java VM: Java HotSpot(TM) 64-Bit Server VM (24.51-b03 mixed mode windows-amd64 compressed oops)
Heap
 PSYoungGen      total 129024K, used 67899K [0x00000000d9800000, 0x00000000e9500000, 0x0000000100000000)
  eden space 120832K, 50% used [0x00000000d9800000,0x00000000dd38fcb8,0x00000000e0e00000)
  from space 8192K, 84% used [0x00000000e0e00000,0x00000000e14bf0e0,0x00000000e1600000)
  to   space 8704K, 0% used [0x00000000e8c80000,0x00000000e8c80000,0x00000000e9500000)
 ParOldGen       total 78848K, used 8393K [0x000000008c800000, 0x0000000091500000, 0x00000000d9800000)
  object space 78848K, 10% used [0x000000008c800000,0x000000008d032488,0x0000000091500000)
 PSPermGen       total 22528K, used 22252K [0x0000000087600000, 0x0000000088c00000, 0x000000008c800000)
  object space 22528K, 98% used [0x0000000087600000,0x0000000088bbb228,0x0000000088c00000)
GC Heap History (10 events):
Event: 4.781 GC heap before
{Heap before GC invocations=3 (full 0):
 PSYoungGen      total 34816K, used 34777K [0x00000000d9800000, 0x00000000ddc00000, 0x0000000100000000)
  eden space 30208K, 99% used [0x00000000d9800000,0x00000000db578aa0,0x00000000db580000)
  from space 4608K, 99% used [0x00000000dba00000,0x00000000dbe7dcb0,0x00000000dbe80000)
  to   space 4608K, 0% used [0x00000000db580000,0x00000000db580000,0x00000000dba00000)
 ParOldGen       total 78848K, used 3970K [0x000000008c800000, 0x0000000091500000, 0x00000000d9800000)
  object space 78848K, 5% used [0x000000008c800000,0x000000008cbe0b18,0x0000000091500000)
 PSPermGen       total 21504K, used 19085K [0x0000000087600000, 0x0000000088b00000, 0x000000008c800000)
  object space 21504K, 88% used [0x0000000087600000,0x00000000888a3778,0x0000000088b00000)
Event: 4.790 GC heap after
Heap after GC invocations=3 (full 0):
 PSYoungGen      total 34816K, used 4582K [0x00000000d9800000, 0x00000000ddc00000, 0x0000000100000000)
  eden space 30208K, 0% used [0x00000000d9800000,0x00000000d9800000,0x00000000db580000)
  from space 4608K, 99% used [0x00000000db580000,0x00000000db9f9b98,0x00000000dba00000)
  to   space 4608K, 0% used [0x00000000dd780000,0x00000000dd780000,0x00000000ddc00000)
 ParOldGen       total 78848K, used 3986K [0x000000008c800000, 0x0000000091500000, 0x00000000d9800000)
  object space 78848K, 5% used [0x000000008c800000,0x000000008cbe4b18,0x0000000091500000)
 PSPermGen       total 21504K, used 19085K [0x0000000087600000, 0x0000000088b00000, 0x000000008c800000)
  object space 21504K, 88% used [0x0000000087600000,0x00000000888a3778,0x0000000088b00000)
}
Event: 4.804 GC heap before
{Heap before GC invocations=4 (full 0):
 PSYoungGen      total 34816K, used 34733K [0x00000000d9800000, 0x00000000ddc00000, 0x0000000100000000)
  eden space 30208K, 99% used [0x00000000d9800000,0x00000000db571978,0x00000000db580000)
  from space 4608K, 99% used [0x00000000db580000,0x00000000db9f9b98,0x00000000dba00000)
  to   space 4608K, 0% used [0x00000000dd780000,0x00000000dd780000,0x00000000ddc00000)
 ParOldGen       total 78848K, used 3986K [0x000000008c800000, 0x0000000091500000, 0x00000000d9800000)
  object space 78848K, 5% used [0x000000008c800000,0x000000008cbe4b18,0x0000000091500000)
 PSPermGen       total 21504K, used 19085K [0x0000000087600000, 0x0000000088b00000, 0x000000008c800000)
  object space 21504K, 88% used [0x0000000087600000,0x00000000888a3778,0x0000000088b00000)
Event: 4.815 GC heap after
Heap after GC invocations=4 (full 0):
 PSYoungGen      total 65024K, used 4589K [0x00000000d9800000, 0x00000000ddc00000, 0x0000000100000000)
  eden space 60416K, 0% used [0x00000000d9800000,0x00000000d9800000,0x00000000dd300000)
  from space 4608K, 99% used [0x00000000dd780000,0x00000000ddbfb6c8,0x00000000ddc00000)
  to   space 4608K, 0% used [0x00000000dd300000,0x00000000dd300000,0x00000000dd780000)
 ParOldGen       total 78848K, used 4010K [0x000000008c800000, 0x0000000091500000, 0x00000000d9800000)
  object space 78848K, 5% used [0x000000008c800000,0x000000008cbeab18,0x0000000091500000)
 PSPermGen       total 21504K, used 19085K [0x0000000087600000, 0x0000000088b00000, 0x000000008c800000)
  object space 21504K, 88% used [0x0000000087600000,0x00000000888a3778,0x0000000088b00000)
}
Event: 4.851 GC heap before
{Heap before GC invocations=5 (full 0):
 PSYoungGen      total 65024K, used 64996K [0x00000000d9800000, 0x00000000ddc00000, 0x0000000100000000)
  eden space 60416K, 99% used [0x00000000d9800000,0x00000000dd2fdd08,0x00000000dd300000)
  from space 4608K, 99% used [0x00000000dd780000,0x00000000ddbfb6c8,0x00000000ddc00000)
  to   space 4608K, 0% used [0x00000000dd300000,0x00000000dd300000,0x00000000dd780000)
 ParOldGen       total 78848K, used 4010K [0x000000008c800000, 0x0000000091500000, 0x00000000d9800000)
  object space 78848K, 5% used [0x000000008c800000,0x000000008cbeab18,0x0000000091500000)
 PSPermGen       total 21504K, used 19094K [0x0000000087600000, 0x0000000088b00000, 0x000000008c800000)
  object space 21504K, 88% used [0x0000000087600000,0x00000000888a5a78,0x0000000088b00000)
Event: 4.861 GC heap after
Heap after GC invocations=5 (full 0):
 PSYoungGen      total 65024K, used 4576K [0x00000000d9800000, 0x00000000e1f00000, 0x0000000100000000)
  eden space 60416K, 0% used [0x00000000d9800000,0x00000000d9800000,0x00000000dd300000)
  from space 4608K, 99% used [0x00000000dd300000,0x00000000dd7780b0,0x00000000dd780000)
  to   space 8704K, 0% used [0x00000000e1680000,0x00000000e1680000,0x00000000e1f00000)
 ParOldGen       total 78848K, used 4074K [0x000000008c800000, 0x0000000091500000, 0x00000000d9800000)
  object space 78848K, 5% used [0x000000008c800000,0x000000008cbfab18,0x0000000091500000)
 PSPermGen       total 21504K, used 19094K [0x0000000087600000, 0x0000000088b00000, 0x000000008c800000)
  object space 21504K, 88% used [0x0000000087600000,0x00000000888a5a78,0x0000000088b00000)
}
Event: 4.888 GC heap before
{Heap before GC invocations=6 (full 0):
 PSYoungGen      total 65024K, used 64931K [0x00000000d9800000, 0x00000000e1f00000, 0x0000000100000000)
  eden space 60416K, 99% used [0x00000000d9800000,0x00000000dd2f0db0,0x00000000dd300000)
  from space 4608K, 99% used [0x00000000dd300000,0x00000000dd7780b0,0x00000000dd780000)
  to   space 8704K, 0% used [0x00000000e1680000,0x00000000e1680000,0x00000000e1f00000)
 ParOldGen       total 78848K, used 4074K [0x000000008c800000, 0x0000000091500000, 0x00000000d9800000)
  object space 78848K, 5% used [0x000000008c800000,0x000000008cbfab18,0x0000000091500000)
 PSPermGen       total 21504K, used 19094K [0x0000000087600000, 0x0000000088b00000, 0x000000008c800000)
  object space 21504K, 88% used [0x0000000087600000,0x00000000888a5a78,0x0000000088b00000)
Event: 4.900 GC heap after
Heap after GC invocations=6 (full 0):
 PSYoungGen      total 128512K, used 4618K [0x00000000d9800000, 0x00000000e1e00000, 0x0000000100000000)
  eden space 120832K, 0% used [0x00000000d9800000,0x00000000d9800000,0x00000000e0e00000)
  from space 7680K, 60% used [0x00000000e1680000,0x00000000e1b02910,0x00000000e1e00000)
  to   space 8192K, 0% used [0x00000000e0e00000,0x00000000e0e00000,0x00000000e1600000)
 ParOldGen       total 78848K, used 4074K [0x000000008c800000, 0x0000000091500000, 0x00000000d9800000)
  object space 78848K, 5% used [0x000000008c800000,0x000000008cbfab18,0x0000000091500000)
 PSPermGen       total 21504K, used 19094K [0x0000000087600000, 0x0000000088b00000, 0x000000008c800000)
  object space 21504K, 88% used [0x0000000087600000,0x00000000888a5a78,0x0000000088b00000)
}
Event: 5.861 GC heap before
{Heap before GC invocations=7 (full 0):
 PSYoungGen      total 128512K, used 124952K [0x00000000d9800000, 0x00000000e1e00000, 0x0000000100000000)
  eden space 120832K, 99% used [0x00000000d9800000,0x00000000e0d838e8,0x00000000e0e00000)
  from space 7680K, 60% used [0x00000000e1680000,0x00000000e1b02910,0x00000000e1e00000)
  to   space 8192K, 0% used [0x00000000e0e00000,0x00000000e0e00000,0x00000000e1600000)
 ParOldGen       total 78848K, used 4074K [0x000000008c800000, 0x0000000091500000, 0x00000000d9800000)
  object space 78848K, 5% used [0x000000008c800000,0x000000008cbfab18,0x0000000091500000)
 PSPermGen       total 21504K, used 21494K [0x0000000087600000, 0x0000000088b00000, 0x000000008c800000)
  object space 21504K, 99% used [0x0000000087600000,0x0000000088afd9b8,0x0000000088b00000)
Event: 5.886 GC heap after
Heap after GC invocations=7 (full 0):
 PSYoungGen      total 129024K, used 6908K [0x00000000d9800000, 0x00000000e9500000, 0x0000000100000000)
  eden space 120832K, 0% used [0x00000000d9800000,0x00000000d9800000,0x00000000e0e00000)
  from space 8192K, 84% used [0x00000000e0e00000,0x00000000e14bf0e0,0x00000000e1600000)
  to   space 8704K, 0% used [0x00000000e8c80000,0x00000000e8c80000,0x00000000e9500000)
 ParOldGen       total 78848K, used 8393K [0x000000008c800000, 0x0000000091500000, 0x00000000d9800000)
  object space 78848K, 10% used [0x000000008c800000,0x000000008d032488,0x0000000091500000)
 PSPermGen       total 21504K, used 21494K [0x0000000087600000, 0x0000000088b00000, 0x000000008c800000)
  object space 21504K, 99% used [0x0000000087600000,0x0000000088afd9b8,0x0000000088b00000)
}

