# JRE version: Java(TM) SE Runtime Environment (7.0_51-b13) (build 1.7.0_51-b13)
# Java VM: Java HotSpot(TM) 64-Bit Server VM (24.51-b03 mixed mode windows-amd64 compressed oops)
Heap
 PSYoungGen      total 129024K, used 52383K [0x00000000d9800000, 0x00000000e9d00000, 0x0000000100000000)
  eden space 120832K, 36% used [0x00000000d9800000,0x00000000dc32b9d0,0x00000000e0e00000)
  from space 8192K, 99% used [0x00000000e0e00000,0x00000000e15fc370,0x00000000e1600000)
  to   space 12800K, 0% used [0x00000000e9080000,0x00000000e9080000,0x00000000e9d00000)
 ParOldGen       total 78848K, used 12412K [0x000000008c800000, 0x0000000091500000, 0x00000000d9800000)
  object space 78848K, 15% used [0x000000008c800000,0x000000008d41f0b8,0x0000000091500000)
 PSPermGen       total 22528K, used 22498K [0x0000000087600000, 0x0000000088c00000, 0x000000008c800000)
  object space 22528K, 99% used [0x0000000087600000,0x0000000088bf8b40,0x0000000088c00000)
GC Heap History (10 events):
Event: 5.001 GC heap before
{Heap before GC invocations=3 (full 0):
 PSYoungGen      total 34816K, used 34752K [0x00000000d9800000, 0x00000000dbe80000, 0x0000000100000000)
  eden space 30208K, 99% used [0x00000000d9800000,0x00000000db575f40,0x00000000db580000)
  from space 4608K, 99% used [0x00000000dba00000,0x00000000dbe7a490,0x00000000dbe80000)
  to   space 4608K, 0% used [0x00000000db580000,0x00000000db580000,0x00000000dba00000)
 ParOldGen       total 78848K, used 3800K [0x000000008c800000, 0x0000000091500000, 0x00000000d9800000)
  object space 78848K, 4% used [0x000000008c800000,0x000000008cbb6380,0x0000000091500000)
 PSPermGen       total 21504K, used 18705K [0x0000000087600000, 0x0000000088b00000, 0x000000008c800000)
  object space 21504K, 86% used [0x0000000087600000,0x0000000088844610,0x0000000088b00000)
Event: 5.011 GC heap after
Heap after GC invocations=3 (full 0):
 PSYoungGen      total 34816K, used 4601K [0x00000000d9800000, 0x00000000ddc00000, 0x0000000100000000)
  eden space 30208K, 0% used [0x00000000d9800000,0x00000000d9800000,0x00000000db580000)
  from space 4608K, 99% used [0x00000000db580000,0x00000000db9fe500,0x00000000dba00000)
  to   space 4608K, 0% used [0x00000000dd780000,0x00000000dd780000,0x00000000ddc00000)
 ParOldGen       total 78848K, used 3824K [0x000000008c800000, 0x0000000091500000, 0x00000000d9800000)
  object space 78848K, 4% used [0x000000008c800000,0x000000008cbbc380,0x0000000091500000)
 PSPermGen       total 21504K, used 18705K [0x0000000087600000, 0x0000000088b00000, 0x000000008c800000)
  object space 21504K, 86% used [0x0000000087600000,0x0000000088844610,0x0000000088b00000)
}
Event: 5.025 GC heap before
{Heap before GC invocations=4 (full 0):
 PSYoungGen      total 34816K, used 34718K [0x00000000d9800000, 0x00000000ddc00000, 0x0000000100000000)
  eden space 30208K, 99% used [0x00000000d9800000,0x00000000db5695a8,0x00000000db580000)
  from space 4608K, 99% used [0x00000000db580000,0x00000000db9fe500,0x00000000dba00000)
  to   space 4608K, 0% used [0x00000000dd780000,0x00000000dd780000,0x00000000ddc00000)
 ParOldGen       total 78848K, used 3824K [0x000000008c800000, 0x0000000091500000, 0x00000000d9800000)
  object space 78848K, 4% used [0x000000008c800000,0x000000008cbbc380,0x0000000091500000)
 PSPermGen       total 21504K, used 18705K [0x0000000087600000, 0x0000000088b00000, 0x000000008c800000)
  object space 21504K, 86% used [0x0000000087600000,0x0000000088844610,0x0000000088b00000)
Event: 5.035 GC heap after
Heap after GC invocations=4 (full 0):
 PSYoungGen      total 65024K, used 4590K [0x00000000d9800000, 0x00000000ddc00000, 0x0000000100000000)
  eden space 60416K, 0% used [0x00000000d9800000,0x00000000d9800000,0x00000000dd300000)
  from space 4608K, 99% used [0x00000000dd780000,0x00000000ddbfb8e0,0x00000000ddc00000)
  to   space 4608K, 0% used [0x00000000dd300000,0x00000000dd300000,0x00000000dd780000)
 ParOldGen       total 78848K, used 3880K [0x000000008c800000, 0x0000000091500000, 0x00000000d9800000)
  object space 78848K, 4% used [0x000000008c800000,0x000000008cbca380,0x0000000091500000)
 PSPermGen       total 21504K, used 18705K [0x0000000087600000, 0x0000000088b00000, 0x000000008c800000)
  object space 21504K, 86% used [0x0000000087600000,0x0000000088844610,0x0000000088b00000)
}
Event: 5.071 GC heap before
{Heap before GC invocations=5 (full 0):
 PSYoungGen      total 65024K, used 64968K [0x00000000d9800000, 0x00000000ddc00000, 0x0000000100000000)
  eden space 60416K, 99% used [0x00000000d9800000,0x00000000dd2f6ae0,0x00000000dd300000)
  from space 4608K, 99% used [0x00000000dd780000,0x00000000ddbfb8e0,0x00000000ddc00000)
  to   space 4608K, 0% used [0x00000000dd300000,0x00000000dd300000,0x00000000dd780000)
 ParOldGen       total 78848K, used 3880K [0x000000008c800000, 0x0000000091500000, 0x00000000d9800000)
  object space 78848K, 4% used [0x000000008c800000,0x000000008cbca380,0x0000000091500000)
 PSPermGen       total 21504K, used 18705K [0x0000000087600000, 0x0000000088b00000, 0x000000008c800000)
  object space 21504K, 86% used [0x0000000087600000,0x0000000088844610,0x0000000088b00000)
Event: 5.081 GC heap after
Heap after GC invocations=5 (full 0):
 PSYoungGen      total 65024K, used 4594K [0x00000000d9800000, 0x00000000e1e00000, 0x0000000100000000)
  eden space 60416K, 0% used [0x00000000d9800000,0x00000000d9800000,0x00000000dd300000)
  from space 4608K, 99% used [0x00000000dd300000,0x00000000dd77ca60,0x00000000dd780000)
  to   space 8192K, 0% used [0x00000000e1600000,0x00000000e1600000,0x00000000e1e00000)
 ParOldGen       total 78848K, used 3904K [0x000000008c800000, 0x0000000091500000, 0x00000000d9800000)
  object space 78848K, 4% used [0x000000008c800000,0x000000008cbd0380,0x0000000091500000)
 PSPermGen       total 21504K, used 18705K [0x0000000087600000, 0x0000000088b00000, 0x000000008c800000)
  object space 21504K, 86% used [0x0000000087600000,0x0000000088844610,0x0000000088b00000)
}
Event: 5.108 GC heap before
{Heap before GC invocations=6 (full 0):
 PSYoungGen      total 65024K, used 64943K [0x00000000d9800000, 0x00000000e1e00000, 0x0000000100000000)
  eden space 60416K, 99% used [0x00000000d9800000,0x00000000dd2ef3b8,0x00000000dd300000)
  from space 4608K, 99% used [0x00000000dd300000,0x00000000dd77ca60,0x00000000dd780000)
  to   space 8192K, 0% used [0x00000000e1600000,0x00000000e1600000,0x00000000e1e00000)
 ParOldGen       total 78848K, used 3904K [0x000000008c800000, 0x0000000091500000, 0x00000000d9800000)
  object space 78848K, 4% used [0x000000008c800000,0x000000008cbd0380,0x0000000091500000)
 PSPermGen       total 21504K, used 18705K [0x0000000087600000, 0x0000000088b00000, 0x000000008c800000)
  object space 21504K, 86% used [0x0000000087600000,0x0000000088844610,0x0000000088b00000)
Event: 5.119 GC heap after
Heap after GC invocations=6 (full 0):
 PSYoungGen      total 129024K, used 4670K [0x00000000d9800000, 0x00000000e1e00000, 0x0000000100000000)
  eden space 120832K, 0% used [0x00000000d9800000,0x00000000d9800000,0x00000000e0e00000)
  from space 8192K, 57% used [0x00000000e1600000,0x00000000e1a8f8d8,0x00000000e1e00000)
  to   space 8192K, 0% used [0x00000000e0e00000,0x00000000e0e00000,0x00000000e1600000)
 ParOldGen       total 78848K, used 3904K [0x000000008c800000, 0x0000000091500000, 0x00000000d9800000)
  object space 78848K, 4% used [0x000000008c800000,0x000000008cbd0380,0x0000000091500000)
 PSPermGen       total 21504K, used 18705K [0x0000000087600000, 0x0000000088b00000, 0x000000008c800000)
  object space 21504K, 86% used [0x0000000087600000,0x0000000088844610,0x0000000088b00000)
}
Event: 6.427 GC heap before
{Heap before GC invocations=7 (full 0):
 PSYoungGen      total 129024K, used 124916K [0x00000000d9800000, 0x00000000e1e00000, 0x0000000100000000)
  eden space 120832K, 99% used [0x00000000d9800000,0x00000000e0d6db20,0x00000000e0e00000)
  from space 8192K, 57% used [0x00000000e1600000,0x00000000e1a8f8d8,0x00000000e1e00000)
  to   space 8192K, 0% used [0x00000000e0e00000,0x00000000e0e00000,0x00000000e1600000)
 ParOldGen       total 78848K, used 5311K [0x000000008c800000, 0x0000000091500000, 0x00000000d9800000)
  object space 78848K, 6% used [0x000000008c800000,0x000000008cd2fee8,0x0000000091500000)
 PSPermGen       total 22016K, used 21695K [0x0000000087600000, 0x0000000088b80000, 0x000000008c800000)
  object space 22016K, 98% used [0x0000000087600000,0x0000000088b2fe80,0x0000000088b80000)
Event: 6.451 GC heap after
Heap after GC invocations=7 (full 0):
 PSYoungGen      total 129024K, used 8176K [0x00000000d9800000, 0x00000000e9d00000, 0x0000000100000000)
  eden space 120832K, 0% used [0x00000000d9800000,0x00000000d9800000,0x00000000e0e00000)
  from space 8192K, 99% used [0x00000000e0e00000,0x00000000e15fc370,0x00000000e1600000)
  to   space 12800K, 0% used [0x00000000e9080000,0x00000000e9080000,0x00000000e9d00000)
 ParOldGen       total 78848K, used 12412K [0x000000008c800000, 0x0000000091500000, 0x00000000d9800000)
  object space 78848K, 15% used [0x000000008c800000,0x000000008d41f0b8,0x0000000091500000)
 PSPermGen       total 22016K, used 21695K [0x0000000087600000, 0x0000000088b80000, 0x000000008c800000)
  object space 22016K, 98% used [0x0000000087600000,0x0000000088b2fe80,0x0000000088b80000)
}

